{
  "RSpec": {
    "coverage": {
      "/Users/twinks/twinks/foot-print/spec/support/log_file_helper.rb": [
        1,
        1,
        1,
        null,
        null,
        1,
        4,
        null,
        null,
        1,
        1,
        null,
        null,
        1,
        null,
        null,
        null,
        null,
        null,
        2,
        null,
        null,
        1,
        null,
        3,
        null,
        null,
        null,
        null,
        null,
        null
      ],
      "/Users/twinks/twinks/foot-print/app/controllers/foot_traffic_analysis_controller.rb": [
        1,
        1,
        2,
        null,
        null,
        1,
        1,
        1,
        null,
        0,
        null,
        null,
        null,
        1,
        null,
        1,
        0,
        0,
        0,
        0,
        0,
        0,
        null,
        null,
        null,
        null,
        1,
        0,
        null,
        null,
        null,
        null,
        1,
        0,
        null,
        null
      ],
      "/Users/twinks/twinks/foot-print/app/controllers/application_controller.rb": [
        1,
        1,
        null
      ],
      "/Users/twinks/twinks/foot-print/spec/models/foot_traffic_analysis_spec.rb": [
        1,
        1,
        null,
        1,
        2,
        2,
        null,
        1,
        2,
        null,
        1,
        1,
        1,
        null,
        null,
        1,
        1,
        null,
        null,
        null
      ],
      "/Users/twinks/twinks/foot-print/app/models/foot_traffic_analysis.rb": [
        null,
        1,
        1,
        null,
        1,
        1,
        null,
        null,
        1,
        1,
        1,
        1,
        null,
        null,
        1,
        null,
        1,
        1,
        1,
        4,
        null,
        1,
        null,
        null,
        null,
        1,
        0,
        null,
        null
      ],
      "/Users/twinks/twinks/foot-print/spec/models/galary_spec.rb": [
        1,
        1,
        null,
        1,
        2,
        null,
        1,
        1,
        2,
        null,
        1,
        1,
        null,
        null,
        null,
        1,
        2,
        null,
        1,
        1,
        null,
        null,
        null,
        null
      ],
      "/Users/twinks/twinks/foot-print/app/models/galary.rb": [
        null,
        null,
        null,
        1,
        1,
        null,
        1,
        4,
        null,
        null,
        null,
        1,
        3,
        3,
        8,
        null,
        3,
        null,
        null,
        1,
        null,
        null,
        1,
        3,
        null,
        null,
        null,
        null,
        1,
        3,
        16,
        16,
        null,
        3,
        null,
        null
      ],
      "/Users/twinks/twinks/foot-print/spec/models/log_file_spec.rb": [
        1,
        1,
        null,
        1,
        2,
        null,
        1,
        2,
        null,
        1,
        1,
        null,
        null,
        1,
        1,
        null,
        null,
        null
      ],
      "/Users/twinks/twinks/foot-print/app/models/log_file.rb": [
        1,
        1,
        null,
        1,
        1,
        null,
        null,
        null,
        null,
        1,
        1,
        1,
        1,
        null,
        null,
        1,
        null,
        1,
        0,
        null,
        null
      ],
      "/Users/twinks/twinks/foot-print/spec/models/room_spec.rb": [
        1,
        1,
        null,
        1,
        1,
        2,
        null,
        1,
        1,
        null,
        null,
        null
      ],
      "/Users/twinks/twinks/foot-print/app/models/room.rb": [
        1,
        1,
        null,
        1,
        9,
        null,
        null,
        1,
        9,
        null,
        null,
        1,
        null,
        1,
        9,
        null,
        null,
        1,
        9,
        null,
        null,
        1,
        18,
        null,
        null,
        1,
        9,
        9,
        9,
        18,
        18,
        null,
        9,
        null,
        null
      ],
      "/Users/twinks/twinks/foot-print/spec/models/visitor_spec.rb": [
        1,
        null,
        1,
        1,
        1,
        1,
        1,
        1,
        1,
        1,
        null,
        1,
        null,
        1,
        1,
        1,
        null,
        null,
        null,
        null
      ],
      "/Users/twinks/twinks/foot-print/app/models/visitor.rb": [
        null,
        null,
        1,
        1,
        null,
        1,
        19,
        19,
        19,
        19,
        null,
        null
      ]
    },
    "timestamp": 1496860577
  }
}
